<?xml version="1.0" encoding="UTF-8"?>
<!-- Generated by org.testng.reporters.JUnitReportReporter -->
<testsuite skipped="0" hostname="Mrinmoys-MacBook-Pro.local" name="TestFramework.basics4" tests="1" failures="0" timestamp="29 May 2019 16:11:07 GMT" time="2.702" errors="0">
  <testcase name="postData" time="2.702" classname="TestFramework.basics4"/>
</testsuite> <!-- TestFramework.basics4 -->
