<?xml version="1.0" encoding="UTF-8"?>
<!-- Generated by org.testng.reporters.JUnitReportReporter -->
<testsuite skipped="0" hostname="Mrinmoys-MacBook-Pro.local" name="TestFramework.basics3" tests="1" failures="0" timestamp="29 May 2019 15:48:27 GMT" time="3.696" errors="0">
  <testcase name="AddandDelete" time="3.696" classname="TestFramework.basics3"/>
</testsuite> <!-- TestFramework.basics3 -->
