<?xml version="1.0" encoding="UTF-8"?>
<!-- Generated by org.testng.reporters.JUnitReportReporter -->
<testsuite skipped="0" hostname="Mrinmoys-MacBook-Pro.local" name="TestFramework.StaticJson" tests="1" failures="0" timestamp="31 May 2019 20:54:32 GMT" time="2.864" errors="0">
  <testcase name="addBook" time="2.864" classname="TestFramework.StaticJson"/>
</testsuite> <!-- TestFramework.StaticJson -->
