<?xml version="1.0" encoding="UTF-8"?>
<!-- Generated by org.testng.reporters.JUnitReportReporter -->
<testsuite skipped="0" hostname="Mrinmoys-MacBook-Pro.local" name="TestFramework.basics" tests="1" failures="0" timestamp="28 May 2019 00:24:02 GMT" time="3.543" errors="0">
  <testcase name="getPlaceAPI" time="3.543" classname="TestFramework.basics"/>
</testsuite> <!-- TestFramework.basics -->
