<?xml version="1.0" encoding="UTF-8"?>
<!-- Generated by org.testng.reporters.JUnitReportReporter -->
<testsuite skipped="0" hostname="Mrinmoys-MacBook-Pro.local" name="TestFramework.basics5" tests="1" failures="0" timestamp="29 May 2019 22:26:46 GMT" time="4.163" errors="0">
  <testcase name="getPlaceAPI" time="4.163" classname="TestFramework.basics5"/>
</testsuite> <!-- TestFramework.basics5 -->
