<?xml version="1.0" encoding="UTF-8"?>
<!-- Generated by org.testng.reporters.JUnitReportReporter -->
<testsuite skipped="0" hostname="Mrinmoys-MacBook-Pro.local" name="TestFramework.basics2" tests="1" failures="0" timestamp="30 May 2019 20:40:44 GMT" time="3.113" errors="0">
  <testcase name="postData" time="3.113" classname="TestFramework.basics2"/>
</testsuite> <!-- TestFramework.basics2 -->
